<?xml version="1.0" encoding="UTF-8"?>
<!-- Generated by org.testng.reporters.JUnitReportReporter -->
<testsuite hostname="Abhijeet_Malik" failures="0" tests="1" name="Package_Selenium.P2" time="0.000" errors="0" timestamp="2023-12-30T14:45:27 IST" skipped="1">
  <testcase classname="Package_Selenium.P2" name="demoClass" time="0.000">
    <skipped/>
  </testcase> <!-- demoClass -->
  <system-out/>
</testsuite> <!-- Package_Selenium.P2 -->
