<?xml version="1.0" encoding="UTF-8"?>
<!-- Generated by org.testng.reporters.JUnitReportReporter -->
<testsuite hostname="Abhijeet_Malik" failures="0" tests="1" name="Package_Selenium.Day1" time="0.013" errors="0" timestamp="2024-01-07T21:29:59 IST" skipped="0">
  <testcase classname="Package_Selenium.Day1" name="demo" time="0.013"/>
  <system-out/>
</testsuite> <!-- Package_Selenium.Day1 -->
