<?xml version="1.0" encoding="UTF-8"?>
<!-- Generated by org.testng.reporters.JUnitReportReporter -->
<testsuite hostname="Abhijeet_Malik" failures="0" tests="2" name="Package_Selenium.dataProvider" time="10.634" errors="0" timestamp="2024-01-09T13:46:42 IST" skipped="0">
  <testcase classname="Package_Selenium.dataProvider" name="testcaseData" time="3.476"/>
  <system-out/>
  <testcase classname="Package_Selenium.dataProvider" name="testcaseData" time="7.158"/>
  <system-out/>
</testsuite> <!-- Package_Selenium.dataProvider -->
